<?xml version="1.0" encoding="UTF-8"?>
<!-- Generated by org.testng.reporters.JUnitXMLReporter -->
<testsuite ignored="0" hostname="DESKTOP-73VR9RS" failures="0" tests="3" name="MavenProject" time="422.745" errors="0" timestamp="2024-04-06T15:09:20 IST">
  <testcase classname="TestNGproject.dataprovider.DataProviderExample" name="dataProviderTest" time="141.463"/>
  <testcase classname="TestNGproject.dataprovider.DataProviderExample" name="dataProviderTest" time="138.199"/>
  <testcase classname="TestNGproject.dataprovider.DataProviderExample" name="dataProviderTest" time="142.976"/>
</testsuite> <!-- MavenProject -->
